<?xml version="1.0" encoding="UTF-8"?>
<!-- Generated by org.testng.reporters.JUnitReportReporter -->
<testsuite skipped="0" hostname="Femila-PC" name="com.qa.test.PostApiTest" tests="1" failures="0" timestamp="2019-08-07T00:11:02 IST" time="3.092" errors="0">
  <testcase name="postApiTest" time="3.092" classname="com.qa.test.PostApiTest"/>
</testsuite> <!-- com.qa.test.PostApiTest -->
