<?xml version="1.0" encoding="UTF-8"?>
<!-- Generated by org.testng.reporters.JUnitReportReporter -->
<testsuite skipped="0" hostname="Femila-PC" name="com.qa.test.GetApiTest" tests="2" failures="0" timestamp="2019-08-06T22:50:09 IST" time="1.781" errors="0">
  <testcase name="getApiTestwithoutHeader" time="1.401" classname="com.qa.test.GetApiTest"/>
  <testcase name="getApiTestwithHeader" time="0.380" classname="com.qa.test.GetApiTest"/>
</testsuite> <!-- com.qa.test.GetApiTest -->
